<?xml version="1.0" encoding="UTF-8"?>
<coverage generated="1761144899193" clover="3.2.0">
  <project timestamp="1761144899193" name="All files">
    <metrics statements="10" coveredstatements="10" conditionals="0" coveredconditionals="0" methods="2" coveredmethods="2" elements="12" coveredelements="12" complexity="0" loc="10" ncloc="10" packages="2" files="2" classes="2"/>
    <package name="components.layout.form.step1">
      <metrics statements="8" coveredstatements="8" conditionals="0" coveredconditionals="0" methods="2" coveredmethods="2"/>
      <file name="FormStep1Personal.tsx" path="C:\Eduardo\Projetos\desafio-front-end-react-multi-step-form\src\components\layout\form\step1\FormStep1Personal.tsx">
        <metrics statements="8" coveredstatements="8" conditionals="0" coveredconditionals="0" methods="2" coveredmethods="2"/>
        <line num="1" count="1" type="stmt"/>
        <line num="2" count="1" type="stmt"/>
        <line num="3" count="1" type="stmt"/>
        <line num="6" count="1" type="stmt"/>
        <line num="14" count="4" type="stmt"/>
        <line num="16" count="4" type="stmt"/>
        <line num="51" count="4" type="stmt"/>
        <line num="68" count="20" type="stmt"/>
      </file>
    </package>
    <package name="constants">
      <metrics statements="2" coveredstatements="2" conditionals="0" coveredconditionals="0" methods="0" coveredmethods="0"/>
      <file name="validation.ts" path="C:\Eduardo\Projetos\desafio-front-end-react-multi-step-form\src\constants\validation.ts">
        <metrics statements="2" coveredstatements="2" conditionals="0" coveredconditionals="0" methods="0" coveredmethods="0"/>
        <line num="1" count="1" type="stmt"/>
        <line num="25" count="1" type="stmt"/>
      </file>
    </package>
  </project>
</coverage>
