{"C:\\Eduardo\\Projetos\\desafio-front-end-react-multi-step-form\\src\\components\\layout\\form\\step1\\FormStep1Personal.tsx": {"path":"C:\\Eduardo\\Projetos\\desafio-front-end-react-multi-step-form\\src\\components\\layout\\form\\step1\\FormStep1Personal.tsx","statementMap":{"0":{"start":{"line":1,"column":0},"end":{"line":1,"column":26}},"1":{"start":{"line":2,"column":0},"end":{"line":2,"column":52}},"2":{"start":{"line":3,"column":0},"end":{"line":3,"column":68}},"3":{"start":{"line":6,"column":67},"end":{"line":96,"column":1}},"4":{"start":{"line":14,"column":6},"end":{"line":14,"column":29}},"5":{"start":{"line":16,"column":21},"end":{"line":49,"column":4}},"6":{"start":{"line":51,"column":2},"end":{"line":95,"column":4}},"7":{"start":{"line":68,"column":10},"end":{"line":69,"column":null}},"8":{"start":{"line":6,"column":13},"end":{"line":6,"column":67}}},"fnMap":{"0":{"name":"(anonymous_0)","decl":{"start":{"line":6,"column":67},"end":{"line":6,"column":68}},"loc":{"start":{"line":6,"column":82},"end":{"line":96,"column":1}}},"1":{"name":"(anonymous_1)","decl":{"start":{"line":67,"column":24},"end":{"line":67,"column":25}},"loc":{"start":{"line":68,"column":10},"end":{"line":69,"column":null}}}},"branchMap":{},"s":{"0":1,"1":1,"2":1,"3":1,"4":4,"5":4,"6":4,"7":20,"8":1},"f":{"0":4,"1":20},"b":{}}
,"C:\\Eduardo\\Projetos\\desafio-front-end-react-multi-step-form\\src\\constants\\validation.ts": {"path":"C:\\Eduardo\\Projetos\\desafio-front-end-react-multi-step-form\\src\\constants\\validation.ts","statementMap":{"0":{"start":{"line":1,"column":13},"end":{"line":23,"column":11}},"1":{"start":{"line":25,"column":13},"end":{"line":25,"column":30}}},"fnMap":{},"branchMap":{},"s":{"0":1,"1":1},"f":{},"b":{}}
}
